This is pdfTeX, Version 3.14159265-2.6-1.40.20 (MiKTeX 2.9.7200 64-bit) (preloaded format=pdflatex 2019.10.27)  23 JAN 2020 08:17
entering extended mode
**./sprawko-projekt2.tex
(sprawko-projekt2.tex
LaTeX2e <2019-10-01>
("C:\Program Files\MiKTeX 2.9\tex/latex/base\article.cls"
Document Class: article 2019/08/27 v1.4j Standard LaTeX document class
("C:\Program Files\MiKTeX 2.9\tex/latex/base\size12.clo"
File: size12.clo 2019/08/27 v1.4j Standard LaTeX file (size option)
)
\c@part=\count80
\c@section=\count81
\c@subsection=\count82
\c@subsubsection=\count83
\c@paragraph=\count84
\c@subparagraph=\count85
\c@figure=\count86
\c@table=\count87
\abovecaptionskip=\skip41
\belowcaptionskip=\skip42
\bibindent=\dimen102
)
("C:\Program Files\MiKTeX 2.9\tex/latex/amsmath\amsmath.sty"
Package: amsmath 2019/04/01 v2.17c AMS math features
\@mathmargin=\skip43

For additional information on amsmath, use the `?' option.
("C:\Program Files\MiKTeX 2.9\tex/latex/amsmath\amstext.sty"
Package: amstext 2000/06/29 v2.01 AMS text

("C:\Program Files\MiKTeX 2.9\tex/latex/amsmath\amsgen.sty"
File: amsgen.sty 1999/11/30 v2.0 generic functions
\@emptytoks=\toks14
\ex@=\dimen103
))
("C:\Program Files\MiKTeX 2.9\tex/latex/amsmath\amsbsy.sty"
Package: amsbsy 1999/11/29 v1.2d Bold Symbols
\pmbraise@=\dimen104
)
("C:\Program Files\MiKTeX 2.9\tex/latex/amsmath\amsopn.sty"
Package: amsopn 2016/03/08 v2.02 operator names
)
\inf@bad=\count88
LaTeX Info: Redefining \frac on input line 227.
\uproot@=\count89
\leftroot@=\count90
LaTeX Info: Redefining \overline on input line 389.
\classnum@=\count91
\DOTSCASE@=\count92
LaTeX Info: Redefining \ldots on input line 486.
LaTeX Info: Redefining \dots on input line 489.
LaTeX Info: Redefining \cdots on input line 610.
\Mathstrutbox@=\box27
\strutbox@=\box28
\big@size=\dimen105
LaTeX Font Info:    Redeclaring font encoding OML on input line 733.
LaTeX Font Info:    Redeclaring font encoding OMS on input line 734.
\macc@depth=\count93
\c@MaxMatrixCols=\count94
\dotsspace@=\muskip10
\c@parentequation=\count95
\dspbrk@lvl=\count96
\tag@help=\toks15
\row@=\count97
\column@=\count98
\maxfields@=\count99
\andhelp@=\toks16
\eqnshift@=\dimen106
\alignsep@=\dimen107
\tagshift@=\dimen108
\tagwidth@=\dimen109
\totwidth@=\dimen110
\lineht@=\dimen111
\@envbody=\toks17
\multlinegap=\skip44
\multlinetaggap=\skip45
\mathdisplay@stack=\toks18
LaTeX Info: Redefining \[ on input line 2855.
LaTeX Info: Redefining \] on input line 2856.
)
("C:\Program Files\MiKTeX 2.9\tex/latex/amsfonts\amssymb.sty"
Package: amssymb 2013/01/14 v3.01 AMS font symbols

("C:\Program Files\MiKTeX 2.9\tex/latex/amsfonts\amsfonts.sty"
Package: amsfonts 2013/01/14 v3.01 Basic AMSFonts support
\symAMSa=\mathgroup4
\symAMSb=\mathgroup5
LaTeX Font Info:    Redeclaring math symbol \hbar on input line 98.
LaTeX Font Info:    Overwriting math alphabet `\mathfrak' in version `bold'
(Font)                  U/euf/m/n --> U/euf/b/n on input line 106.
))
("C:\Program Files\MiKTeX 2.9\tex/generic/babel\babel.sty"
Package: babel 2019/09/27 3.34 The Babel package

("C:\Program Files\MiKTeX 2.9\tex/generic/babel\switch.def"
File: switch.def 2019/09/27 3.34 Babel switching mechanism
)
*************************************
* Local config file bblopts.cfg used
*
(C:\Users\mikol\AppData\Roaming\MiKTeX\2.9\tex/latex/arabi\bblopts.cfg
File: bblopts.cfg 2005/09/08 v0.1 add Arabic and Farsi to "declared" options of
 babel
)
(C:\Users\mikol\AppData\Roaming\MiKTeX\2.9\tex/latex/babel-polish\polish.ldf
Language: polish 2005/03/31 v1.2l Polish support from the babel system

("C:\Program Files\MiKTeX 2.9\tex/generic/babel\babel.def"
File: babel.def 2019/09/27 3.34 Babel common definitions
\babel@savecnt=\count100
\U@D=\dimen112

("C:\Program Files\MiKTeX 2.9\tex/generic/babel\txtbabel.def")
\bbl@dirlevel=\count101
)
Package babel Info: Making " an active character on input line 83.
\pl@left=\dimen113
\pl@down=\dimen114
\pl@right=\dimen115
\pl@temp=\dimen116
))
("C:\Program Files\MiKTeX 2.9\tex/latex/base\fontenc.sty"
Package: fontenc 2018/08/11 v2.0j Standard LaTeX package

("C:\Program Files\MiKTeX 2.9\tex/latex/base\t1enc.def"
File: t1enc.def 2018/08/11 v2.0j Standard LaTeX file
LaTeX Font Info:    Redeclaring font encoding T1 on input line 48.
))
("C:\Program Files\MiKTeX 2.9\tex/latex/graphics\graphicx.sty"
Package: graphicx 2017/06/01 v1.1a Enhanced LaTeX Graphics (DPC,SPQR)

("C:\Program Files\MiKTeX 2.9\tex/latex/graphics\keyval.sty"
Package: keyval 2014/10/28 v1.15 key=value parser (DPC)
\KV@toks@=\toks19
)
("C:\Program Files\MiKTeX 2.9\tex/latex/graphics\graphics.sty"
Package: graphics 2019/07/20 v1.3b Standard LaTeX Graphics (DPC,SPQR)

("C:\Program Files\MiKTeX 2.9\tex/latex/graphics\trig.sty"
Package: trig 2016/01/03 v1.10 sin cos tan (DPC)
)
("C:\Program Files\MiKTeX 2.9\tex/latex/graphics-cfg\graphics.cfg"
File: graphics.cfg 2016/06/04 v1.11 sample graphics configuration
)
Package graphics Info: Driver file: pdftex.def on input line 105.

("C:\Program Files\MiKTeX 2.9\tex/latex/graphics-def\pdftex.def"
File: pdftex.def 2018/01/08 v1.0l Graphics/color driver for pdftex
))
\Gin@req@height=\dimen117
\Gin@req@width=\dimen118
)
("C:\Program Files\MiKTeX 2.9\tex/latex/base\inputenc.sty"
Package: inputenc 2018/08/11 v1.3c Input encoding file
\inpenc@prehook=\toks20
\inpenc@posthook=\toks21

("C:\Program Files\MiKTeX 2.9\tex/latex/base\cp1250.def"
File: cp1250.def 2018/08/11 v1.3c Input encoding file
))
(C:\Users\mikol\AppData\Roaming\MiKTeX\2.9\tex/latex/caption\caption.sty
Package: caption 2019/09/01 v3.3d Customizing captions (AR)

(C:\Users\mikol\AppData\Roaming\MiKTeX\2.9\tex/latex/caption\caption3.sty
Package: caption3 2019/09/01 v1.8d caption3 kernel (AR)
Package caption3 Info: TeX engine: e-TeX on input line 64.
\captionmargin=\dimen119
\captionmargin@=\dimen120
\captionwidth=\dimen121
\caption@tempdima=\dimen122
\caption@indent=\dimen123
\caption@parindent=\dimen124
\caption@hangindent=\dimen125
)
\c@caption@flags=\count102
\c@ContinuedFloat=\count103
)
("C:\Program Files\MiKTeX 2.9\tex/latex/tools\enumerate.sty"
Package: enumerate 2015/07/23 v3.00 enumerate extensions (DPC)
\@enLab=\toks22
)
(C:\Users\mikol\AppData\Roaming\MiKTeX\2.9\tex/latex/placeins\placeins.sty
Package: placeins 2005/04/18  v 2.2
)
(C:\Users\mikol\AppData\Roaming\MiKTeX\2.9\tex/latex/listings\listings.sty
\lst@mode=\count104
\lst@gtempboxa=\box29
\lst@token=\toks23
\lst@length=\count105
\lst@currlwidth=\dimen126
\lst@column=\count106
\lst@pos=\count107
\lst@lostspace=\dimen127
\lst@width=\dimen128
\lst@newlines=\count108
\lst@lineno=\count109
\lst@maxwidth=\dimen129

(C:\Users\mikol\AppData\Roaming\MiKTeX\2.9\tex/latex/listings\lstmisc.sty
File: lstmisc.sty 2019/09/10 1.8c (Carsten Heinz)
\c@lstnumber=\count110
\lst@skipnumbers=\count111
\lst@framebox=\box30
)
(C:\Users\mikol\AppData\Roaming\MiKTeX\2.9\tex/latex/listings\listings.cfg
File: listings.cfg 2019/09/10 1.8c listings configuration
))
Package: listings 2019/09/10 1.8c (Carsten Heinz)

("C:\Program Files\MiKTeX 2.9\tex/latex/graphics\color.sty"
Package: color 2016/07/10 v1.1e Standard LaTeX Color (DPC)

("C:\Program Files\MiKTeX 2.9\tex/latex/graphics-cfg\color.cfg"
File: color.cfg 2016/01/02 v1.6 sample color configuration
)
Package color Info: Driver file: pdftex.def on input line 147.
)
(sprawko-projekt2.aux)
\openout1 = `sprawko-projekt2.aux'.

LaTeX Font Info:    Checking defaults for OML/cmm/m/it on input line 31.
LaTeX Font Info:    ... okay on input line 31.
LaTeX Font Info:    Checking defaults for T1/cmr/m/n on input line 31.
LaTeX Font Info:    ... okay on input line 31.
LaTeX Font Info:    Checking defaults for OT1/cmr/m/n on input line 31.
LaTeX Font Info:    ... okay on input line 31.
LaTeX Font Info:    Checking defaults for OMS/cmsy/m/n on input line 31.
LaTeX Font Info:    ... okay on input line 31.
LaTeX Font Info:    Checking defaults for OMX/cmex/m/n on input line 31.
LaTeX Font Info:    ... okay on input line 31.
LaTeX Font Info:    Checking defaults for U/cmr/m/n on input line 31.
LaTeX Font Info:    ... okay on input line 31.

(C:\Users\mikol\AppData\Roaming\MiKTeX\2.9\tex/context/base/mkii\supp-pdf.mkii
[Loading MPS to PDF converter (version 2006.09.02).]
\scratchcounter=\count112
\scratchdimen=\dimen130
\scratchbox=\box31
\nofMPsegments=\count113
\nofMParguments=\count114
\everyMPshowfont=\toks24
\MPscratchCnt=\count115
\MPscratchDim=\dimen131
\MPnumerator=\count116
\makeMPintoPDFobject=\count117
\everyMPtoPDFconversion=\toks25
) ("C:\Program Files\MiKTeX 2.9\tex/latex/oberdiek\epstopdf-base.sty"
Package: epstopdf-base 2016/05/15 v2.6 Base part for package epstopdf

("C:\Program Files\MiKTeX 2.9\tex/generic/oberdiek\infwarerr.sty"
Package: infwarerr 2016/05/16 v1.4 Providing info/warning/error messages (HO)
)
("C:\Program Files\MiKTeX 2.9\tex/latex/oberdiek\grfext.sty"
Package: grfext 2016/05/16 v1.2 Manage graphics extensions (HO)

("C:\Program Files\MiKTeX 2.9\tex/generic/oberdiek\kvdefinekeys.sty"
Package: kvdefinekeys 2016/05/16 v1.4 Define keys (HO)

("C:\Program Files\MiKTeX 2.9\tex/generic/oberdiek\ltxcmds.sty"
Package: ltxcmds 2016/05/16 v1.23 LaTeX kernel commands for general use (HO)
)))
("C:\Program Files\MiKTeX 2.9\tex/latex/oberdiek\kvoptions.sty"
Package: kvoptions 2016/05/16 v3.12 Key value format for package options (HO)

("C:\Program Files\MiKTeX 2.9\tex/generic/oberdiek\kvsetkeys.sty"
Package: kvsetkeys 2016/05/16 v1.17 Key value parser (HO)

("C:\Program Files\MiKTeX 2.9\tex/generic/oberdiek\etexcmds.sty"
Package: etexcmds 2016/05/16 v1.6 Avoid name clashes with e-TeX commands (HO)

("C:\Program Files\MiKTeX 2.9\tex/generic/oberdiek\ifluatex.sty"
Package: ifluatex 2016/05/16 v1.4 Provides the ifluatex switch (HO)
Package ifluatex Info: LuaTeX not detected.
))))
("C:\Program Files\MiKTeX 2.9\tex/generic/oberdiek\pdftexcmds.sty"
Package: pdftexcmds 2019/07/25 v0.30 Utility functions of pdfTeX for LuaTeX (HO
)

("C:\Program Files\MiKTeX 2.9\tex/generic/oberdiek\ifpdf.sty"
Package: ifpdf 2018/09/07 v3.3 Provides the ifpdf switch
)
Package pdftexcmds Info: LuaTeX not detected.
Package pdftexcmds Info: \pdf@primitive is available.
Package pdftexcmds Info: \pdf@ifprimitive is available.
Package pdftexcmds Info: \pdfdraftmode found.
)
Package epstopdf-base Info: Redefining graphics rule for `.eps' on input line 4
38.
Package grfext Info: Graphics extension search list:
(grfext)             [.pdf,.png,.jpg,.mps,.jpeg,.jbig2,.jb2,.PDF,.PNG,.JPG,.JPE
G,.JBIG2,.JB2,.eps]
(grfext)             \AppendGraphicsExtensions on input line 456.
)
Package caption Info: Begin \AtBeginDocument code.
Package caption Info: listings package is loaded.
Package caption Info: End \AtBeginDocument code.
\c@lstlisting=\count118
LaTeX Font Info:    Trying to load font information for U+msa on input line 51.


("C:\Program Files\MiKTeX 2.9\tex/latex/amsfonts\umsa.fd"
File: umsa.fd 2013/01/14 v3.01 AMS symbols A
)
LaTeX Font Info:    Trying to load font information for U+msb on input line 51.


("C:\Program Files\MiKTeX 2.9\tex/latex/amsfonts\umsb.fd"
File: umsb.fd 2013/01/14 v3.01 AMS symbols B
) [1

{C:/Users/mikol/AppData/Local/MiKTeX/2.9/pdftex/config/pdftex.map}] (sprawko-pr
ojekt2.toc)
\tf@toc=\write3
\openout3 = `sprawko-projekt2.toc'.


[2]
Overfull \hbox (8.51353pt too wide) in paragraph at lines 107--112
\T1/cmr/m/n/12 Obliczaj¡c ko-lejne przy-bli-»e-nia b¦-dziemy ba-da¢ bª¦dy wzgl¦
-dem funk-cji $\OML/cmm/m/it/12 integral\OT1/cmr/m/n/12 (\OML/cmm/m/it/12 f; a;
 b\OT1/cmr/m/n/12 )$
 []


Underfull \hbox (badness 10000) in paragraph at lines 107--112

 []

[3] [4]
Overfull \hbox (56.2376pt too wide) in paragraph at lines 149--164
 [][] 
 []

<sin1x3.png, id=29, 843.15pt x 632.3625pt>
File: sin1x3.png Graphic file (type png)
<use sin1x3.png>
Package pdftex.def Info: sin1x3.png  used on input line 168.
(pdftex.def)             Requested size: 433.62pt x 325.22165pt.

LaTeX Warning: `!h' float specifier changed to `!ht'.

[5]
Overfull \hbox (56.2376pt too wide) in paragraph at lines 178--193
 [][] 
 []

<sin1x4.png, id=41, 843.15pt x 632.3625pt>
File: sin1x4.png Graphic file (type png)
<use sin1x4.png>
Package pdftex.def Info: sin1x4.png  used on input line 197.
(pdftex.def)             Requested size: 433.62pt x 325.22165pt.

LaTeX Warning: `!h' float specifier changed to `!ht'.

[6 <./sin1x3.png (PNG copy)>]
Overfull \hbox (56.2376pt too wide) in paragraph at lines 207--222
 [][] 
 []

<sin1x5.png, id=45, 843.15pt x 632.3625pt>
File: sin1x5.png Graphic file (type png)
<use sin1x5.png>
Package pdftex.def Info: sin1x5.png  used on input line 226.
(pdftex.def)             Requested size: 433.62pt x 325.22165pt.

LaTeX Warning: `!h' float specifier changed to `!ht'.

[7 <./sin1x4.png (PNG copy)>]
Overfull \hbox (56.2376pt too wide) in paragraph at lines 236--251
 [][] 
 []

<sin1x6.png, id=50, 843.15pt x 632.3625pt>
File: sin1x6.png Graphic file (type png)
<use sin1x6.png>
Package pdftex.def Info: sin1x6.png  used on input line 255.
(pdftex.def)             Requested size: 433.62pt x 325.22165pt.

LaTeX Warning: `!h' float specifier changed to `!ht'.

[8 <./sin1x5.png (PNG copy)>] [9 <./sin1x6.png (PNG copy)>]
Overfull \hbox (56.2376pt too wide) in paragraph at lines 268--293
 [][] 
 []

<sinxwblad.png, id=57, 843.15pt x 632.3625pt>
File: sinxwblad.png Graphic file (type png)
<use sinxwblad.png>
Package pdftex.def Info: sinxwblad.png  used on input line 297.
(pdftex.def)             Requested size: 433.62pt x 325.22165pt.

LaTeX Warning: `!h' float specifier changed to `!ht'.

[10]
Overfull \hbox (56.2376pt too wide) in paragraph at lines 306--331
 [][] 
 []


LaTeX Warning: `!h' float specifier changed to `!ht'.

[11 <./sinxwblad.png (PNG copy)>] [12]
<sinxwblad1.png, id=67, 843.15pt x 632.3625pt>
File: sinxwblad1.png Graphic file (type png)
<use sinxwblad1.png>
Package pdftex.def Info: sinxwblad1.png  used on input line 335.
(pdftex.def)             Requested size: 433.62pt x 325.22165pt.
 [13

 <./sinxwblad1.png (PNG copy)>]
Overfull \hbox (56.2376pt too wide) in paragraph at lines 348--373
 [][] 
 []

<tan0.png, id=72, 843.15pt x 632.3625pt>
File: tan0.png Graphic file (type png)
<use tan0.png>
Package pdftex.def Info: tan0.png  used on input line 377.
(pdftex.def)             Requested size: 433.62pt x 325.22165pt.

LaTeX Warning: `!h' float specifier changed to `!ht'.

[14]
Overfull \hbox (56.2376pt too wide) in paragraph at lines 386--411
 [][] 
 []


LaTeX Warning: `!h' float specifier changed to `!ht'.

[15 <./tan0.png (PNG copy)>] [16]
<tan02pi.png, id=84, 843.15pt x 632.3625pt>
File: tan02pi.png Graphic file (type png)
<use tan02pi.png>
Package pdftex.def Info: tan02pi.png  used on input line 415.
(pdftex.def)             Requested size: 433.62pt x 325.22165pt.
 [17

 <./tan02pi.png (PNG copy)>]
Overfull \hbox (56.2376pt too wide) in paragraph at lines 428--453
 [][] 
 []

<1x.png, id=88, 843.15pt x 632.3625pt>
File: 1x.png Graphic file (type png)
<use 1x.png>
Package pdftex.def Info: 1x.png  used on input line 457.
(pdftex.def)             Requested size: 433.62pt x 325.22165pt.

LaTeX Warning: `!h' float specifier changed to `!ht'.

[18] [19 <./1x.png (PNG copy)>]
Overfull \hbox (56.2376pt too wide) in paragraph at lines 470--495
 [][] 
 []

<absx.png, id=96, 843.15pt x 632.3625pt>
File: absx.png Graphic file (type png)
<use absx.png>
Package pdftex.def Info: absx.png  used on input line 499.
(pdftex.def)             Requested size: 433.62pt x 325.22165pt.

LaTeX Warning: `!h' float specifier changed to `!ht'.

[20] [21 <./absx.png (PNG copy)>]
Overfull \hbox (56.2376pt too wide) in paragraph at lines 512--537
 [][] 
 []

<lnx.png, id=103, 843.15pt x 632.3625pt>
File: lnx.png Graphic file (type png)
<use lnx.png>
Package pdftex.def Info: lnx.png  used on input line 541.
(pdftex.def)             Requested size: 433.62pt x 325.22165pt.

LaTeX Warning: `!h' float specifier changed to `!ht'.

[22] [23 <./lnx.png (PNG copy)>]
<sin1x23.png, id=110, 843.15pt x 632.3625pt>
File: sin1x23.png Graphic file (type png)
<use sin1x23.png>
Package pdftex.def Info: sin1x23.png  used on input line 554.
(pdftex.def)             Requested size: 433.62pt x 325.22165pt.
<1xwyk.png, id=111, 843.15pt x 632.3625pt>
File: 1xwyk.png Graphic file (type png)
<use 1xwyk.png>
Package pdftex.def Info: 1xwyk.png  used on input line 563.
(pdftex.def)             Requested size: 433.62pt x 325.22165pt.


LaTeX Warning: `!h' float specifier changed to `!ht'.

[24 <./sin1x23.png (PNG copy)>]
<absxw.png, id=115, 843.15pt x 632.3625pt>
File: absxw.png Graphic file (type png)
<use absxw.png>
Package pdftex.def Info: absxw.png  used on input line 572.
(pdftex.def)             Requested size: 433.62pt x 325.22165pt.


LaTeX Warning: `!h' float specifier changed to `!ht'.

[25 <./1xwyk.png (PNG copy)>] [26 <./absxw.png (PNG copy)>]
<lnxw.png, id=123, 843.15pt x 632.3625pt>
File: lnxw.png Graphic file (type png)
<use lnxw.png>
Package pdftex.def Info: lnxw.png  used on input line 581.
(pdftex.def)             Requested size: 433.62pt x 325.22165pt.
 [27

 <./lnxw.png (PNG copy)>]
(C:\Users\mikol\AppData\Roaming\MiKTeX\2.9\tex/latex/listings\lstlang1.sty
File: lstlang1.sty 2019/09/10 1.8c listings language file
)
(romberg.m
LaTeX Font Info:    Trying to load font information for OMS+cmr on input line 6
.
 ("C:\Program Files\MiKTeX 2.9\tex/latex/base\omscmr.fd"
File: omscmr.fd 2014/09/29 v2.5h Standard LaTeX font definitions
)
LaTeX Font Info:    Font shape `OMS/cmr/m/n' in size <12> not available
(Font)              Font shape `OMS/cmsy/m/n' tried instead on input line 6.
)
(testRomberg.m [28]) [29] (sprawko-projekt2.aux) ) 
Here is how much of TeX's memory you used:
 7153 strings out of 492526
 96936 string characters out of 3130766
 470484 words of memory out of 3000000
 11313 multiletter control sequences out of 15000+200000
 20001 words of font info for 61 fonts, out of 3000000 for 9000
 1143 hyphenation exceptions out of 8191
 46i,10n,42p,545b,1804s stack positions out of 5000i,500n,10000p,200000b,50000s
 <C:\Users\mikol\AppData\Loca
l\MiKTeX\2.9\fonts/pk/ljfour/jknappen/ec/dpi600\ecrm1095.pk> <C:\Users\mikol\Ap
pData\Local\MiKTeX\2.9\fonts/pk/ljfour/jknappen/ec/dpi600\ecrm0600.pk> <C:\User
s\mikol\AppData\Local\MiKTeX\2.9\fonts/pk/ljfour/jknappen/ec/dpi600\ecrm1000.pk
> <C:\Users\mikol\AppData\Local\MiKTeX\2.9\fonts/pk/ljfour/jknappen/ec/dpi600\e
cbx1440.pk> <C:\Users\mikol\AppData\Local\MiKTeX\2.9\fonts/pk/ljfour/jknappen/e
c/dpi600\ecbx1200.pk> <C:\Users\mikol\AppData\Local\MiKTeX\2.9\fonts/pk/ljfour/
jknappen/ec/dpi600\ecrm1200.pk> <C:\Users\mikol\AppData\Local\MiKTeX\2.9\fonts/
pk/ljfour/jknappen/ec/dpi600\ecbx1728.pk> <C:\Users\mikol\AppData\Local\MiKTeX\
2.9\fonts/pk/ljfour/jknappen/ec/dpi600\ecrm1440.pk><C:/Program Files/MiKTeX 2.9
/fonts/type1/public/amsfonts/cm/cmex10.pfb><C:/Program Files/MiKTeX 2.9/fonts/t
ype1/public/amsfonts/cm/cmmi10.pfb><C:/Program Files/MiKTeX 2.9/fonts/type1/pub
lic/amsfonts/cm/cmmi12.pfb><C:/Program Files/MiKTeX 2.9/fonts/type1/public/amsf
onts/cm/cmmi5.pfb><C:/Program Files/MiKTeX 2.9/fonts/type1/public/amsfonts/cm/c
mmi6.pfb><C:/Program Files/MiKTeX 2.9/fonts/type1/public/amsfonts/cm/cmmi7.pfb>
<C:/Program Files/MiKTeX 2.9/fonts/type1/public/amsfonts/cm/cmmi8.pfb><C:/Progr
am Files/MiKTeX 2.9/fonts/type1/public/amsfonts/cm/cmr10.pfb><C:/Program Files/
MiKTeX 2.9/fonts/type1/public/amsfonts/cm/cmr12.pfb><C:/Program Files/MiKTeX 2.
9/fonts/type1/public/amsfonts/cm/cmr17.pfb><C:/Program Files/MiKTeX 2.9/fonts/t
ype1/public/amsfonts/cm/cmr5.pfb><C:/Program Files/MiKTeX 2.9/fonts/type1/publi
c/amsfonts/cm/cmr6.pfb><C:/Program Files/MiKTeX 2.9/fonts/type1/public/amsfonts
/cm/cmr7.pfb><C:/Program Files/MiKTeX 2.9/fonts/type1/public/amsfonts/cm/cmr8.p
fb><C:/Program Files/MiKTeX 2.9/fonts/type1/public/amsfonts/cm/cmsy10.pfb><C:/P
rogram Files/MiKTeX 2.9/fonts/type1/public/amsfonts/cm/cmsy5.pfb><C:/Program Fi
les/MiKTeX 2.9/fonts/type1/public/amsfonts/cm/cmsy6.pfb><C:/Program Files/MiKTe
X 2.9/fonts/type1/public/amsfonts/cm/cmsy7.pfb><C:/Program Files/MiKTeX 2.9/fon
ts/type1/public/amsfonts/cm/cmsy8.pfb>
Output written on sprawko-projekt2.pdf (29 pages, 840104 bytes).
PDF statistics:
 482 PDF objects out of 1000 (max. 8388607)
 0 named destinations out of 1000 (max. 500000)
 76 words of extra memory for PDF output out of 10000 (max. 10000000)

